    CC ../kernel/main.c
riscv64-ls-elf-gcc  -c -Wall -Wextra -Wshadow -Wpointer-arith -Wbad-function-cast -Wcast-align -Wsign-compare -Waggregate-return -Wstrict-prototypes -Wmissing-prototypes -Wmissing-declarations -Wunused -I. -I../Common/include -I../Memory/include -I../schedule/include -I../Softtime/include  -fomit-frame-pointer -fno-strict-aliasing -fno-builtin -D__gracefulExit -o ../kernel/main.o ../kernel/main.c
../kernel/main.c:12:6: 警告： ‘vSyscallInit’先前没有原型 [-Wmissing-prototypes]
   12 | void vSyscallInit(void)
      |      ^~~~~~~~~~~~
../kernel/main.c: 在函数‘vSyscallInit’中:
../kernel/main.c:16:15: 警告： 传递‘xTaskCreate’的第 1 个参数时在不兼容的指针类型间转换 [-Wincompatible-pointer-types]
   16 |  xTaskCreate( TestProgram, "TestProgram", 4096, NULL, 20, NULL );
      |               ^~~~~~~~~~~
      |               |
      |               void (*)(void)
In file included from ../kernel/main.c:4:
../schedule/include/task.h:30:40: 附注： 需要类型‘TaskFunction_t’ {或称 ‘void (*)(void *)’}，但实参的类型为‘void (*)(void)’
   30 | BaseType_t xTaskCreate( TaskFunction_t pxTaskCode,
      |                         ~~~~~~~~~~~~~~~^~~~~~~~~~
../kernel/main.c:18:16: 警告： implicit declaration of function ‘xTimerCreate’; did you mean ‘xTaskCreate’? [-Wimplicit-function-declaration]
   18 |  xCheckTimer = xTimerCreate( "CheckTimer",( mainCHECK_TIMER_PERIOD_MS ),pdTRUE,( void * ) 0,prvCheckTimerCallback);
      |                ^~~~~~~~~~~~
      |                xTaskCreate
../kernel/main.c:18:14: 警告： assignment to ‘TimerHandle_t’ {或称 ‘struct tmrTimerControl *’} from ‘int’ makes pointer from integer without a cast [-Wint-conversion]
   18 |  xCheckTimer = xTimerCreate( "CheckTimer",( mainCHECK_TIMER_PERIOD_MS ),pdTRUE,( void * ) 0,prvCheckTimerCallback);
      |              ^
In file included from ../kernel/main.c:5:
../Softtime/include/time.h:36:5: 警告： 隐式声明函数‘xTimerGenericCommand’ [-Wimplicit-function-declaration]
   36 |     xTimerGenericCommand( ( xTimer ), tmrCOMMAND_START, ( xTaskGetTickCount() ), NULL, ( xTicksToWait ) )
      |     ^~~~~~~~~~~~~~~~~~~~
../kernel/main.c:22:6: 附注： in expansion of macro ‘xTimerStart’
   22 |      xTimerStart( xCheckTimer, mainDONT_BLOCK );
      |      ^~~~~~~~~~~
../kernel/main.c: 在函数‘prvCheckTimerCallback’中:
../kernel/main.c:43:6: 警告： 未使用的变量‘a’ [-Wunused-variable]
   43 |  int a=0;
      |      ^
    CC ../kernel/boot.S
riscv64-ls-elf-gcc  -c -Wall -Wextra -Wshadow -Wpointer-arith -Wbad-function-cast -Wcast-align -Wsign-compare -Waggregate-return -Wstrict-prototypes -Wmissing-prototypes -Wmissing-declarations -Wunused -I. -I../Common/include -I../Memory/include -I../schedule/include -I../Softtime/include  -fomit-frame-pointer -fno-strict-aliasing -fno-builtin -D__gracefulExit -o ../kernel/boot.o ../kernel/boot.S
../kernel/boot.S: Assembler messages:
../kernel/boot.S:80: 错误： unrecognized opcode `load t0,0x0(sp)'
../kernel/boot.S:81: 错误： illegal operands `addi sp,sp,REGBYTES'
../kernel/boot.S:93: 错误： illegal operands `addi sp,sp,-REGBYTES'
../kernel/boot.S:94: 错误： unrecognized opcode `store t0,0(sp)'
../kernel/boot.S:97: 错误： unrecognized opcode `load t0,0(sp)'
../kernel/boot.S:98: 错误： illegal operands `addi sp,sp,REGBYTES'
../kernel/boot.S:100: 错误： illegal operands `addi sp,sp,-REGBYTES*31'
../kernel/boot.S:101: 错误： unrecognized opcode `store x1,1*REGBYTES(sp)'
../kernel/boot.S:102: 错误： unrecognized opcode `store x2,2*REGBYTES(sp)'
../kernel/boot.S:103: 错误： unrecognized opcode `store x3,3*REGBYTES(sp)'
../kernel/boot.S:104: 错误： unrecognized opcode `store x4,4*REGBYTES(sp)'
../kernel/boot.S:105: 错误： unrecognized opcode `store x5,5*REGBYTES(sp)'
../kernel/boot.S:106: 错误： unrecognized opcode `store x6,6*REGBYTES(sp)'
../kernel/boot.S:107: 错误： unrecognized opcode `store x7,7*REGBYTES(sp)'
../kernel/boot.S:108: 错误： unrecognized opcode `store x8,8*REGBYTES(sp)'
../kernel/boot.S:109: 错误： unrecognized opcode `store x9,9*REGBYTES(sp)'
../kernel/boot.S:110: 错误： unrecognized opcode `store x10,10*REGBYTES(sp)'
../kernel/boot.S:111: 错误： unrecognized opcode `store x11,11*REGBYTES(sp)'
../kernel/boot.S:112: 错误： unrecognized opcode `store x12,12*REGBYTES(sp)'
../kernel/boot.S:113: 错误： unrecognized opcode `store x13,13*REGBYTES(sp)'
../kernel/boot.S:114: 错误： unrecognized opcode `store x14,14*REGBYTES(sp)'
../kernel/boot.S:115: 错误： unrecognized opcode `store x15,15*REGBYTES(sp)'
../kernel/boot.S:116: 错误： unrecognized opcode `store x16,16*REGBYTES(sp)'
../kernel/boot.S:117: 错误： unrecognized opcode `store x17,17*REGBYTES(sp)'
../kernel/boot.S:118: 错误： unrecognized opcode `store x18,18*REGBYTES(sp)'
../kernel/boot.S:119: 错误： unrecognized opcode `store x19,19*REGBYTES(sp)'
../kernel/boot.S:120: 错误： unrecognized opcode `store x20,20*REGBYTES(sp)'
../kernel/boot.S:121: 错误： unrecognized opcode `store x21,21*REGBYTES(sp)'
../kernel/boot.S:122: 错误： unrecognized opcode `store x22,22*REGBYTES(sp)'
../kernel/boot.S:123: 错误： unrecognized opcode `store x23,23*REGBYTES(sp)'
../kernel/boot.S:124: 错误： unrecognized opcode `store x24,24*REGBYTES(sp)'
../kernel/boot.S:125: 错误： unrecognized opcode `store x25,25*REGBYTES(sp)'
../kernel/boot.S:126: 错误： unrecognized opcode `store x26,26*REGBYTES(sp)'
../kernel/boot.S:127: 错误： unrecognized opcode `store x27,27*REGBYTES(sp)'
../kernel/boot.S:128: 错误： unrecognized opcode `store x28,28*REGBYTES(sp)'
../kernel/boot.S:129: 错误： unrecognized opcode `store x29,29*REGBYTES(sp)'
../kernel/boot.S:130: 错误： unrecognized opcode `store x30,30*REGBYTES(sp)'
../kernel/boot.S:131: 错误： unrecognized opcode `store x31,31*REGBYTES(sp)'
../kernel/boot.S:141: 错误： unrecognized opcode `load x1,1*REGBYTES(sp)'
../kernel/boot.S:142: 错误： unrecognized opcode `load x2,2*REGBYTES(sp)'
../kernel/boot.S:143: 错误： unrecognized opcode `load x3,3*REGBYTES(sp)'
../kernel/boot.S:144: 错误： unrecognized opcode `load x4,4*REGBYTES(sp)'
../kernel/boot.S:145: 错误： unrecognized opcode `load x5,5*REGBYTES(sp)'
../kernel/boot.S:146: 错误： unrecognized opcode `load x6,6*REGBYTES(sp)'
../kernel/boot.S:147: 错误： unrecognized opcode `load x7,7*REGBYTES(sp)'
../kernel/boot.S:148: 错误： unrecognized opcode `load x8,8*REGBYTES(sp)'
../kernel/boot.S:149: 错误： unrecognized opcode `load x9,9*REGBYTES(sp)'
../kernel/boot.S:150: 错误： unrecognized opcode `load x10,10*REGBYTES(sp)'
../kernel/boot.S:151: 错误： unrecognized opcode `load x11,11*REGBYTES(sp)'
../kernel/boot.S:152: 错误： unrecognized opcode `load x12,12*REGBYTES(sp)'
../kernel/boot.S:153: 错误： unrecognized opcode `load x13,13*REGBYTES(sp)'
../kernel/boot.S:154: 错误： unrecognized opcode `load x14,14*REGBYTES(sp)'
../kernel/boot.S:155: 错误： unrecognized opcode `load x15,15*REGBYTES(sp)'
../kernel/boot.S:156: 错误： unrecognized opcode `load x16,16*REGBYTES(sp)'
../kernel/boot.S:157: 错误： unrecognized opcode `load x17,17*REGBYTES(sp)'
../kernel/boot.S:158: 错误： unrecognized opcode `load x18,18*REGBYTES(sp)'
../kernel/boot.S:159: 错误： unrecognized opcode `load x19,19*REGBYTES(sp)'
../kernel/boot.S:160: 错误： unrecognized opcode `load x20,20*REGBYTES(sp)'
../kernel/boot.S:161: 错误： unrecognized opcode `load x21,21*REGBYTES(sp)'
../kernel/boot.S:162: 错误： unrecognized opcode `load x22,22*REGBYTES(sp)'
../kernel/boot.S:163: 错误： unrecognized opcode `load x23,23*REGBYTES(sp)'
../kernel/boot.S:164: 错误： unrecognized opcode `load x24,24*REGBYTES(sp)'
../kernel/boot.S:165: 错误： unrecognized opcode `load x25,25*REGBYTES(sp)'
../kernel/boot.S:166: 错误： unrecognized opcode `load x26,26*REGBYTES(sp)'
../kernel/boot.S:167: 错误： unrecognized opcode `load x27,27*REGBYTES(sp)'
../kernel/boot.S:168: 错误： unrecognized opcode `load x28,28*REGBYTES(sp)'
../kernel/boot.S:169: 错误： unrecognized opcode `load x29,29*REGBYTES(sp)'
../kernel/boot.S:170: 错误： unrecognized opcode `load x30,30*REGBYTES(sp)'
../kernel/boot.S:171: 错误： unrecognized opcode `load x31,31*REGBYTES(sp)'
../kernel/boot.S:173: 错误： illegal operands `addi sp,sp,REGBYTES*31'
Makefile:65: recipe for target '../kernel/boot.o' failed
make: *** [../kernel/boot.o] Error 1
